Using pre-set license
Built from '2020.3/staging' branch; Version is '2020.3.11f1 (99c7afb366b3) revision 10078127'; Using compiler version '192528614'; Build Type 'Release'
OS: 'Windows 10 Home Single Language; OS build 19043.1288; Version 2009; 64bit' Language: 'en' Physical Memory: 8077 MB
BatchMode: 1, IsHumanControllingUs: 0, StartBugReporterOnCrash: 0, Is64bit: 1, IsPro: 0

 COMMAND LINE ARGUMENTS:
C:\Program Files\Unity\Hub\Editor\2020.3.11f1\Editor\Unity.exe
-adb2
-batchMode
-noUpm
-name
AssetImportWorker0
-projectPath
E:/Unity Projects/robot decent NEW
-logFile
Logs/AssetImportWorker0.log
-srvPort
1232
Successfully changed project path to: E:/Unity Projects/robot decent NEW
E:/Unity Projects/robot decent NEW
Using Asset Import Pipeline V2.
Refreshing native plugins compatible for Editor in 37.53 ms, found 2 plugins.
Preloading 0 native plugins for Editor in 0.00 ms.
Initialize engine version: 2020.3.11f1 (99c7afb366b3)
[Subsystems] Discovering subsystems at path C:/Program Files/Unity/Hub/Editor/2020.3.11f1/Editor/Data/Resources/UnitySubsystems
[Subsystems] Discovering subsystems at path E:/Unity Projects/robot decent NEW/Assets
GfxDevice: creating device client; threaded=0
Direct3D:
    Version:  Direct3D 11.0 [level 11.0]
    Renderer: NVIDIA GeForce 940MX (ID=0x134d)
    Vendor:   
    VRAM:     2010 MB
    Driver:   30.0.14.7212
Initialize mono
Mono path[0] = 'C:/Program Files/Unity/Hub/Editor/2020.3.11f1/Editor/Data/Managed'
Mono path[1] = 'C:/Program Files/Unity/Hub/Editor/2020.3.11f1/Editor/Data/MonoBleedingEdge/lib/mono/unityjit'
Mono config path = 'C:/Program Files/Unity/Hub/Editor/2020.3.11f1/Editor/Data/MonoBleedingEdge/etc'
Using monoOptions --debugger-agent=transport=dt_socket,embedding=1,server=y,suspend=n,address=127.0.0.1:56336
Begin MonoManager ReloadAssembly
Registering precompiled unity dll's ...
Register platform support module: C:/Program Files/Unity/Hub/Editor/2020.3.11f1/Editor/Data/PlaybackEngines/WebGLSupport/UnityEditor.WebGL.Extensions.dll
Register platform support module: C:/Program Files/Unity/Hub/Editor/2020.3.11f1/Editor/Data/PlaybackEngines/WindowsStandaloneSupport/UnityEditor.WindowsStandalone.Extensions.dll
Registered in 0.003044 seconds.
Native extension for WindowsStandalone target not found
Native extension for WebGL target not found
Refreshing native plugins compatible for Editor in 36.07 ms, found 2 plugins.
Preloading 0 native plugins for Editor in 0.00 ms.
Mono: successfully reloaded assembly
- Completed reload, in  1.454 seconds
Platform modules already initialized, skipping
Registering precompiled user dll's ...
Registered in 0.003562 seconds.
Begin MonoManager ReloadAssembly
Native extension for WindowsStandalone target not found
Native extension for WebGL target not found
Refreshing native plugins compatible for Editor in 0.36 ms, found 2 plugins.
Preloading 0 native plugins for Editor in 0.00 ms.
Mono: successfully reloaded assembly
- Completed reload, in  1.299 seconds
Platform modules already initialized, skipping
========================================================================
Worker process is ready to serve import requests
Launched and connected shader compiler UnityShaderCompiler.exe after 0.09 seconds
Refreshing native plugins compatible for Editor in 0.33 ms, found 2 plugins.
Preloading 0 native plugins for Editor in 0.00 ms.
Unloading 1420 Unused Serialized files (Serialized files now loaded: 0)
System memory in use before: 67.3 MB.
System memory in use after: 67.3 MB.

Unloading 19 unused Assets to reduce memory usage. Loaded Objects now: 1855.
Total: 9.295800 ms (FindLiveObjects: 0.166200 ms CreateObjectMapping: 0.060000 ms MarkObjects: 8.950000 ms  DeleteObjects: 0.118100 ms)

========================================================================
Received Import Request.
  path: Assets/MINE/MyPrefabs/PlayableChars/BasePlayer.prefab
  artifactKey: Guid(02e23c3994dcbf2468082780fabc3bbd) Importer(815301076,1909f56bfc062723c751e8b465ee728b)
Start importing Assets/MINE/MyPrefabs/PlayableChars/BasePlayer.prefab using Guid(02e23c3994dcbf2468082780fabc3bbd) Importer(815301076,1909f56bfc062723c751e8b465ee728b)  -> (artifact id: '4983ed68fbd1dfc5d855e5379d154ccb') in 0.166566 seconds
  Import took 0.201492 seconds .

========================================================================
Received Import Request.
  Time since last request: 87.273851 seconds.
  path: Assets/Scripts/Character/Bomb.cs
  artifactKey: Guid(0db1ae3bf3428284c98634cbd228a89d) Importer(815301076,1909f56bfc062723c751e8b465ee728b)
Start importing Assets/Scripts/Character/Bomb.cs using Guid(0db1ae3bf3428284c98634cbd228a89d) Importer(815301076,1909f56bfc062723c751e8b465ee728b)  -> (artifact id: '20701007fae4ddd108a96eb5ea37cb77') in 0.044955 seconds
  Import took 0.056985 seconds .

========================================================================
Received Prepare
Registering precompiled user dll's ...
Registered in 0.004119 seconds.
Begin MonoManager ReloadAssembly
Native extension for WindowsStandalone target not found
Native extension for WebGL target not found
Refreshing native plugins compatible for Editor in 0.35 ms, found 2 plugins.
Preloading 0 native plugins for Editor in 0.00 ms.
Mono: successfully reloaded assembly
- Completed reload, in  1.312 seconds
Platform modules already initialized, skipping
Refreshing native plugins compatible for Editor in 0.33 ms, found 2 plugins.
Preloading 0 native plugins for Editor in 0.00 ms.
Unloading 1403 Unused Serialized files (Serialized files now loaded: 0)
System memory in use before: 69.4 MB.
System memory in use after: 69.5 MB.

Unloading 15 unused Assets to reduce memory usage. Loaded Objects now: 1869.
Total: 2.463600 ms (FindLiveObjects: 0.168900 ms CreateObjectMapping: 0.052300 ms MarkObjects: 2.180900 ms  DeleteObjects: 0.060000 ms)

========================================================================
Received Prepare
Registering precompiled user dll's ...
Registered in 0.004533 seconds.
Begin MonoManager ReloadAssembly
Native extension for WindowsStandalone target not found
Native extension for WebGL target not found
Refreshing native plugins compatible for Editor in 0.35 ms, found 2 plugins.
Preloading 0 native plugins for Editor in 0.00 ms.
Mono: successfully reloaded assembly
- Completed reload, in  1.297 seconds
Platform modules already initialized, skipping
Refreshing native plugins compatible for Editor in 0.34 ms, found 2 plugins.
Preloading 0 native plugins for Editor in 0.00 ms.
Unloading 1403 Unused Serialized files (Serialized files now loaded: 0)
System memory in use before: 69.5 MB.
System memory in use after: 69.5 MB.

Unloading 14 unused Assets to reduce memory usage. Loaded Objects now: 1872.
Total: 2.329700 ms (FindLiveObjects: 0.171200 ms CreateObjectMapping: 0.052800 ms MarkObjects: 2.030400 ms  DeleteObjects: 0.073800 ms)

========================================================================
Received Prepare
Registering precompiled user dll's ...
Registered in 0.004227 seconds.
Begin MonoManager ReloadAssembly
Native extension for WindowsStandalone target not found
Native extension for WebGL target not found
Refreshing native plugins compatible for Editor in 0.36 ms, found 2 plugins.
Preloading 0 native plugins for Editor in 0.00 ms.
Mono: successfully reloaded assembly
- Completed reload, in  1.432 seconds
Platform modules already initialized, skipping
Refreshing native plugins compatible for Editor in 0.34 ms, found 2 plugins.
Preloading 0 native plugins for Editor in 0.00 ms.
Unloading 1403 Unused Serialized files (Serialized files now loaded: 0)
System memory in use before: 69.5 MB.
System memory in use after: 69.6 MB.

Unloading 14 unused Assets to reduce memory usage. Loaded Objects now: 1875.
Total: 2.402900 ms (FindLiveObjects: 0.172600 ms CreateObjectMapping: 0.059100 ms MarkObjects: 2.106800 ms  DeleteObjects: 0.063000 ms)

========================================================================
Received Prepare
Registering precompiled user dll's ...
Registered in 0.003149 seconds.
Begin MonoManager ReloadAssembly
Native extension for WindowsStandalone target not found
Native extension for WebGL target not found
Refreshing native plugins compatible for Editor in 0.38 ms, found 2 plugins.
Preloading 0 native plugins for Editor in 0.00 ms.
Mono: successfully reloaded assembly
- Completed reload, in  1.293 seconds
Platform modules already initialized, skipping
Refreshing native plugins compatible for Editor in 0.56 ms, found 2 plugins.
Preloading 0 native plugins for Editor in 0.00 ms.
Unloading 1403 Unused Serialized files (Serialized files now loaded: 0)
System memory in use before: 69.5 MB.
System memory in use after: 69.6 MB.

Unloading 14 unused Assets to reduce memory usage. Loaded Objects now: 1878.
Total: 2.286800 ms (FindLiveObjects: 0.173200 ms CreateObjectMapping: 0.052900 ms MarkObjects: 2.000900 ms  DeleteObjects: 0.058300 ms)

========================================================================
Received Import Request.
  Time since last request: 1051.125072 seconds.
  path: Assets/MINE/MyPrefabs/PlayableChars/Bomb.prefab
  artifactKey: Guid(a089950c8ad2ffb4b8362d906d4da05d) Importer(815301076,1909f56bfc062723c751e8b465ee728b)
Start importing Assets/MINE/MyPrefabs/PlayableChars/Bomb.prefab using Guid(a089950c8ad2ffb4b8362d906d4da05d) Importer(815301076,1909f56bfc062723c751e8b465ee728b)  -> (artifact id: 'b7d748bbf0c8fcbf8284588c1d0df583') in 0.092719 seconds
  Import took 0.139140 seconds .

========================================================================
Received Prepare
Registering precompiled user dll's ...
Registered in 0.006104 seconds.
Begin MonoManager ReloadAssembly
Native extension for WindowsStandalone target not found
Native extension for WebGL target not found
Refreshing native plugins compatible for Editor in 0.37 ms, found 2 plugins.
Preloading 0 native plugins for Editor in 0.00 ms.
Mono: successfully reloaded assembly
- Completed reload, in  2.298 seconds
Platform modules already initialized, skipping
Refreshing native plugins compatible for Editor in 0.56 ms, found 2 plugins.
Preloading 0 native plugins for Editor in 0.00 ms.
Unloading 1404 Unused Serialized files (Serialized files now loaded: 0)
System memory in use before: 69.6 MB.
System memory in use after: 69.6 MB.

Unloading 15 unused Assets to reduce memory usage. Loaded Objects now: 1884.
Total: 2.266200 ms (FindLiveObjects: 0.164100 ms CreateObjectMapping: 0.051300 ms MarkObjects: 1.984200 ms  DeleteObjects: 0.065100 ms)

========================================================================
Received Import Request.
  Time since last request: 28.712885 seconds.
  path: Assets/explode.cs
  artifactKey: Guid(f842be66bca93814abaff55be1d9e491) Importer(815301076,1909f56bfc062723c751e8b465ee728b)
Start importing Assets/explode.cs using Guid(f842be66bca93814abaff55be1d9e491) Importer(815301076,1909f56bfc062723c751e8b465ee728b)  -> (artifact id: 'cd280fea73ad0de9992b937d58d16d11') in 0.104074 seconds
  Import took 0.122611 seconds .

========================================================================
Received Import Request.
  Time since last request: 160.159385 seconds.
  path: Assets/explode.cs
  artifactKey: Guid(f842be66bca93814abaff55be1d9e491) Importer(815301076,1909f56bfc062723c751e8b465ee728b)
Start importing Assets/explode.cs using Guid(f842be66bca93814abaff55be1d9e491) Importer(815301076,1909f56bfc062723c751e8b465ee728b)  -> (artifact id: '65d6af5dcb23f010731f7e9b8651e049') in 0.039873 seconds
  Import took 0.094730 seconds .

========================================================================
Received Import Request.
  Time since last request: 0.002197 seconds.
  path: Assets/explode.cs
  artifactKey: Guid(f842be66bca93814abaff55be1d9e491) Importer(815301076,1909f56bfc062723c751e8b465ee728b)
Start importing Assets/explode.cs using Guid(f842be66bca93814abaff55be1d9e491) Importer(815301076,1909f56bfc062723c751e8b465ee728b)  -> (artifact id: '65d6af5dcb23f010731f7e9b8651e049') in 0.010191 seconds
  Import took 0.021335 seconds .

========================================================================
Received Prepare
Registering precompiled user dll's ...
Registered in 0.003974 seconds.
Begin MonoManager ReloadAssembly
Native extension for WindowsStandalone target not found
Native extension for WebGL target not found
Refreshing native plugins compatible for Editor in 0.36 ms, found 2 plugins.
Preloading 0 native plugins for Editor in 0.00 ms.
Mono: successfully reloaded assembly
- Completed reload, in  1.403 seconds
Platform modules already initialized, skipping
Refreshing native plugins compatible for Editor in 0.55 ms, found 2 plugins.
Preloading 0 native plugins for Editor in 0.00 ms.
Unloading 1404 Unused Serialized files (Serialized files now loaded: 0)
System memory in use before: 69.6 MB.
System memory in use after: 69.6 MB.

Unloading 14 unused Assets to reduce memory usage. Loaded Objects now: 1887.
Total: 3.046700 ms (FindLiveObjects: 0.169300 ms CreateObjectMapping: 0.053200 ms MarkObjects: 2.744900 ms  DeleteObjects: 0.078000 ms)

========================================================================
Received Prepare
Registering precompiled user dll's ...
Registered in 0.003132 seconds.
Begin MonoManager ReloadAssembly
Native extension for WindowsStandalone target not found
Native extension for WebGL target not found
Refreshing native plugins compatible for Editor in 0.38 ms, found 2 plugins.
Preloading 0 native plugins for Editor in 0.00 ms.
Mono: successfully reloaded assembly
- Completed reload, in  1.530 seconds
Platform modules already initialized, skipping
Refreshing native plugins compatible for Editor in 0.53 ms, found 2 plugins.
Preloading 0 native plugins for Editor in 0.00 ms.
Unloading 1404 Unused Serialized files (Serialized files now loaded: 0)
System memory in use before: 69.6 MB.
System memory in use after: 69.6 MB.

Unloading 14 unused Assets to reduce memory usage. Loaded Objects now: 1890.
Total: 2.523700 ms (FindLiveObjects: 0.168000 ms CreateObjectMapping: 0.056700 ms MarkObjects: 2.226600 ms  DeleteObjects: 0.070300 ms)

========================================================================
Received Import Request.
  Time since last request: 152.226619 seconds.
  path: ProjectSettings/TagManager.asset
  artifactKey: Guid(00000000000000003000000000000000) Importer(815301076,1909f56bfc062723c751e8b465ee728b)
Start importing ProjectSettings/TagManager.asset using Guid(00000000000000003000000000000000) Importer(815301076,1909f56bfc062723c751e8b465ee728b)  -> (artifact id: 'ec2f4e4d16de23f2b16fbbba1cb6a966') in 0.043734 seconds
  Import took 0.075065 seconds .

========================================================================
Received Prepare
Registering precompiled user dll's ...
Registered in 0.147195 seconds.
Begin MonoManager ReloadAssembly
Native extension for WindowsStandalone target not found
Native extension for WebGL target not found
Refreshing native plugins compatible for Editor in 0.39 ms, found 2 plugins.
Preloading 0 native plugins for Editor in 0.00 ms.
Mono: successfully reloaded assembly
- Completed reload, in  1.122 seconds
Platform modules already initialized, skipping
Refreshing native plugins compatible for Editor in 0.37 ms, found 2 plugins.
Preloading 0 native plugins for Editor in 0.00 ms.
Unloading 1404 Unused Serialized files (Serialized files now loaded: 0)
System memory in use before: 69.6 MB.
System memory in use after: 69.7 MB.

Unloading 15 unused Assets to reduce memory usage. Loaded Objects now: 1893.
Total: 2.680200 ms (FindLiveObjects: 0.206000 ms CreateObjectMapping: 0.054400 ms MarkObjects: 2.351100 ms  DeleteObjects: 0.067200 ms)

========================================================================
Received Prepare
Registering precompiled user dll's ...
Registered in 0.064097 seconds.
Begin MonoManager ReloadAssembly
Native extension for WindowsStandalone target not found
Native extension for WebGL target not found
Refreshing native plugins compatible for Editor in 0.35 ms, found 2 plugins.
Preloading 0 native plugins for Editor in 0.00 ms.
Mono: successfully reloaded assembly
- Completed reload, in  1.240 seconds
Platform modules already initialized, skipping
Refreshing native plugins compatible for Editor in 0.64 ms, found 2 plugins.
Preloading 0 native plugins for Editor in 0.00 ms.
Unloading 1404 Unused Serialized files (Serialized files now loaded: 0)
System memory in use before: 69.6 MB.
System memory in use after: 69.7 MB.

Unloading 14 unused Assets to reduce memory usage. Loaded Objects now: 1896.
Total: 2.338200 ms (FindLiveObjects: 0.171900 ms CreateObjectMapping: 0.057100 ms MarkObjects: 2.020600 ms  DeleteObjects: 0.087000 ms)

========================================================================
Received Prepare
Registering precompiled user dll's ...
Registered in 0.003304 seconds.
Begin MonoManager ReloadAssembly
Native extension for WindowsStandalone target not found
Native extension for WebGL target not found
Refreshing native plugins compatible for Editor in 0.40 ms, found 2 plugins.
Preloading 0 native plugins for Editor in 0.00 ms.
Mono: successfully reloaded assembly
- Completed reload, in  1.473 seconds
Platform modules already initialized, skipping
Refreshing native plugins compatible for Editor in 0.43 ms, found 2 plugins.
Preloading 0 native plugins for Editor in 0.00 ms.
Unloading 1404 Unused Serialized files (Serialized files now loaded: 0)
System memory in use before: 69.6 MB.
System memory in use after: 69.7 MB.

Unloading 14 unused Assets to reduce memory usage. Loaded Objects now: 1899.
Total: 2.090200 ms (FindLiveObjects: 0.241700 ms CreateObjectMapping: 0.054300 ms MarkObjects: 1.737100 ms  DeleteObjects: 0.055700 ms)

AssetImportWorkerClient::OnTransportError - code=2 error=End of file
